Using pre-set license
Built from '2020.3/staging' branch; Version is '2020.3.25f1 (9b9180224418) revision 10195328'; Using compiler version '192528614'; Build Type 'Release'
OS: 'Windows 10  (10.0.16299) 64bit Core' Language: 'es' Physical Memory: 7989 MB
BatchMode: 1, IsHumanControllingUs: 0, StartBugReporterOnCrash: 0, Is64bit: 1, IsPro: 0

COMMAND LINE ARGUMENTS:
C:\Program Files\Unity\Hub\Editor\2020.3.25f1\Editor\Unity.exe
-adb2
-batchMode
-noUpm
-name
AssetImportWorker0
-projectPath
C:/Users/mgl15/Desktop/ColoresJugador
-logFile
Logs/AssetImportWorker0.log
-srvPort
52824
Successfully changed project path to: C:/Users/mgl15/Desktop/ColoresJugador
C:/Users/mgl15/Desktop/ColoresJugador
Using Asset Import Pipeline V2.
Refreshing native plugins compatible for Editor in 252.26 ms, found 2 plugins.
Preloading 0 native plugins for Editor in 0.00 ms.
Initialize engine version: 2020.3.25f1 (9b9180224418)
[Subsystems] Discovering subsystems at path C:/Program Files/Unity/Hub/Editor/2020.3.25f1/Editor/Data/Resources/UnitySubsystems
[Subsystems] Discovering subsystems at path C:/Users/mgl15/Desktop/ColoresJugador/Assets
GfxDevice: creating device client; threaded=0
Direct3D:
    Version:  Direct3D 11.0 [level 11.1]
    Renderer: Intel(R) HD Graphics 520 (ID=0x1921)
    Vendor:   
    VRAM:     3994 MB
    Driver:   22.20.16.4749
Initialize mono
Mono path[0] = 'C:/Program Files/Unity/Hub/Editor/2020.3.25f1/Editor/Data/Managed'
Mono path[1] = 'C:/Program Files/Unity/Hub/Editor/2020.3.25f1/Editor/Data/MonoBleedingEdge/lib/mono/unityjit'
Mono config path = 'C:/Program Files/Unity/Hub/Editor/2020.3.25f1/Editor/Data/MonoBleedingEdge/etc'
Using monoOptions --debugger-agent=transport=dt_socket,embedding=1,server=y,suspend=n,address=127.0.0.1:56248
Begin MonoManager ReloadAssembly
Registering precompiled unity dll's ...
Register platform support module: C:/Program Files/Unity/Hub/Editor/2020.3.25f1/Editor/Data/PlaybackEngines/WindowsStandaloneSupport/UnityEditor.WindowsStandalone.Extensions.dll
Registered in 0.005113 seconds.
Native extension for WindowsStandalone target not found
Refreshing native plugins compatible for Editor in 59.99 ms, found 2 plugins.
Preloading 0 native plugins for Editor in 0.00 ms.
Mono: successfully reloaded assembly
- Completed reload, in  1.203 seconds
Domain Reload Profiling:
	ReloadAssembly (1203ms)
		BeginReloadAssembly (130ms)
			ExecutionOrderSort (0ms)
			DisableScriptedObjects (0ms)
			BackupInstance (0ms)
			ReleaseScriptingObjects (0ms)
			CreateAndSetChildDomain (2ms)
		EndReloadAssembly (921ms)
			LoadAssemblies (122ms)
			RebuildTransferFunctionScriptingTraits (0ms)
			SetupTypeCache (370ms)
			ReleaseScriptCaches (0ms)
			RebuildScriptCaches (55ms)
			SetupLoadedEditorAssemblies (309ms)
				LogAssemblyErrors (0ms)
				InitializePlatformSupportModulesInManaged (8ms)
				SetLoadedEditorAssemblies (0ms)
				RefreshPlugins (60ms)
				BeforeProcessingInitializeOnLoad (15ms)
				ProcessInitializeOnLoadAttributes (164ms)
				ProcessInitializeOnLoadMethodAttributes (60ms)
				AfterProcessingInitializeOnLoad (0ms)
				EditorAssembliesLoaded (0ms)
			ExecutionOrderSort2 (0ms)
			AwakeInstancesAfterBackupRestoration (0ms)
Platform modules already initialized, skipping
Registering precompiled user dll's ...
Registered in 0.013352 seconds.
Begin MonoManager ReloadAssembly
Native extension for WindowsStandalone target not found
Refreshing native plugins compatible for Editor in 0.86 ms, found 2 plugins.
Preloading 0 native plugins for Editor in 0.00 ms.
Mono: successfully reloaded assembly
- Completed reload, in  2.673 seconds
Domain Reload Profiling:
	ReloadAssembly (2675ms)
		BeginReloadAssembly (331ms)
			ExecutionOrderSort (0ms)
			DisableScriptedObjects (13ms)
			BackupInstance (0ms)
			ReleaseScriptingObjects (0ms)
			CreateAndSetChildDomain (34ms)
		EndReloadAssembly (2153ms)
			LoadAssemblies (221ms)
			RebuildTransferFunctionScriptingTraits (0ms)
			SetupTypeCache (714ms)
			ReleaseScriptCaches (1ms)
			RebuildScriptCaches (124ms)
			SetupLoadedEditorAssemblies (842ms)
				LogAssemblyErrors (0ms)
				InitializePlatformSupportModulesInManaged (11ms)
				SetLoadedEditorAssemblies (1ms)
				RefreshPlugins (1ms)
				BeforeProcessingInitializeOnLoad (193ms)
				ProcessInitializeOnLoadAttributes (570ms)
				ProcessInitializeOnLoadMethodAttributes (32ms)
				AfterProcessingInitializeOnLoad (33ms)
				EditorAssembliesLoaded (0ms)
			ExecutionOrderSort2 (0ms)
			AwakeInstancesAfterBackupRestoration (18ms)
Platform modules already initialized, skipping
========================================================================
Worker process is ready to serve import requests
Launched and connected shader compiler UnityShaderCompiler.exe after 0.24 seconds
Refreshing native plugins compatible for Editor in 0.54 ms, found 2 plugins.
Preloading 0 native plugins for Editor in 0.00 ms.
Unloading 1500 Unused Serialized files (Serialized files now loaded: 0)
System memory in use before: 67.4 MB.
System memory in use after: 67.5 MB.

Unloading 19 unused Assets to reduce memory usage. Loaded Objects now: 1932.
Total: 5.002280 ms (FindLiveObjects: 0.263711 ms CreateObjectMapping: 0.122345 ms MarkObjects: 4.506730 ms  DeleteObjects: 0.106924 ms)

AssetImportParameters requested are different than current active one (requested -> active):
  custom:framework-win-MediaFoundation: 216162199b28c13a410421893ffa2e32 -> 
  custom:video-decoder-ogg-theora: a1e56fd34408186e4bbccfd4996cb3dc -> 
  custom:container-muxer-webm: aa71ff27fc2769a1b78a27578f13a17b -> 
  custom:container-demuxer-webm: 4f35f7cbe854078d1ac9338744f61a02 -> 
  custom:container-demuxer-ogg: 62fdf1f143b41e24485cea50d1cbac27 -> 
  custom:video-encoder-webm-vp8: eb34c28f22e8b96e1ab97ce403110664 -> 
  custom:video-codec-MediaFoundation-h265: 746d11721c4dcdbdad8f713fa42b33f4 -> 
  custom:video-decoder-webm-vp8: 9c59270c3fd7afecdb556c50c9e8de78 -> 
  custom:audio-decoder-ogg-vorbis: bf7c407c2cedff20999df2af8eb42d56 -> 
  custom:audio-encoder-webm-vorbis: bf7c407c2cedff20999df2af8eb42d56 -> 
========================================================================
Received Import Request.
  path: Assets
  artifactKey: Guid(00000000000000001000000000000000) Importer(815301076,1909f56bfc062723c751e8b465ee728b)
Start importing Assets using Guid(00000000000000001000000000000000) Importer(815301076,1909f56bfc062723c751e8b465ee728b)  -> (artifact id: '42d402b061de3733987d63b9cc3b64de') in 0.017930 seconds 
  Import took 0.041132 seconds .

========================================================================
Received Import Request.
  Time since last request: 0.000372 seconds.
  path: Assets/Scripts
  artifactKey: Guid(8d983420ea6584b4488c4806484416a0) Importer(815301076,1909f56bfc062723c751e8b465ee728b)
Start importing Assets/Scripts using Guid(8d983420ea6584b4488c4806484416a0) Importer(815301076,1909f56bfc062723c751e8b465ee728b)  -> (artifact id: '973b824b6d772fd85d9147dccfd453c0') in 0.025718 seconds 
  Import took 0.051500 seconds .

========================================================================
Received Import Request.
  Time since last request: 1.987676 seconds.
  path: Assets/Prefabs
  artifactKey: Guid(360481c1264d4774697727a940df823b) Importer(815301076,1909f56bfc062723c751e8b465ee728b)
Start importing Assets/Prefabs using Guid(360481c1264d4774697727a940df823b) Importer(815301076,1909f56bfc062723c751e8b465ee728b)  -> (artifact id: '01f770e5ff5ca8ab18c9f9535487824c') in 0.023167 seconds 
  Import took 0.044520 seconds .

========================================================================
Received Import Request.
  Time since last request: 14.612203 seconds.
  path: Assets/Material
  artifactKey: Guid(ce8be053f567b744987e936d715cc2bc) Importer(815301076,1909f56bfc062723c751e8b465ee728b)
Start importing Assets/Material using Guid(ce8be053f567b744987e936d715cc2bc) Importer(815301076,1909f56bfc062723c751e8b465ee728b)  -> (artifact id: 'cc7f5f461b47d7175162487b9a3bbed5') in 0.043359 seconds 
  Import took 0.061773 seconds .

========================================================================
Received Import Request.
  Time since last request: 9.812689 seconds.
  path: Assets/Scripts/Main.cs
  artifactKey: Guid(ff695335cd3569445939b2d4327bdcc0) Importer(815301076,1909f56bfc062723c751e8b465ee728b)
Start importing Assets/Scripts/Main.cs using Guid(ff695335cd3569445939b2d4327bdcc0) Importer(815301076,1909f56bfc062723c751e8b465ee728b)  -> (artifact id: '61665d9a4cf8466ef9009b72a8f7ae32') in 0.210942 seconds 
  Import took 0.242400 seconds .

========================================================================
Received Prepare
Registering precompiled user dll's ...
Registered in 0.020311 seconds.
Begin MonoManager ReloadAssembly
Native extension for WindowsStandalone target not found
Refreshing native plugins compatible for Editor in 0.73 ms, found 2 plugins.
Preloading 0 native plugins for Editor in 0.00 ms.
Mono: successfully reloaded assembly
- Completed reload, in  2.464 seconds
Domain Reload Profiling:
	ReloadAssembly (2465ms)
		BeginReloadAssembly (408ms)
			ExecutionOrderSort (0ms)
			DisableScriptedObjects (17ms)
			BackupInstance (0ms)
			ReleaseScriptingObjects (0ms)
			CreateAndSetChildDomain (87ms)
		EndReloadAssembly (1746ms)
			LoadAssemblies (374ms)
			RebuildTransferFunctionScriptingTraits (0ms)
			SetupTypeCache (618ms)
			ReleaseScriptCaches (1ms)
			RebuildScriptCaches (68ms)
			SetupLoadedEditorAssemblies (625ms)
				LogAssemblyErrors (0ms)
				InitializePlatformSupportModulesInManaged (11ms)
				SetLoadedEditorAssemblies (2ms)
				RefreshPlugins (1ms)
				BeforeProcessingInitializeOnLoad (130ms)
				ProcessInitializeOnLoadAttributes (440ms)
				ProcessInitializeOnLoadMethodAttributes (20ms)
				AfterProcessingInitializeOnLoad (21ms)
				EditorAssembliesLoaded (0ms)
			ExecutionOrderSort2 (0ms)
			AwakeInstancesAfterBackupRestoration (12ms)
Platform modules already initialized, skipping
Refreshing native plugins compatible for Editor in 0.58 ms, found 2 plugins.
Preloading 0 native plugins for Editor in 0.00 ms.
Unloading 1495 Unused Serialized files (Serialized files now loaded: 0)
System memory in use before: 67.3 MB.
System memory in use after: 67.4 MB.

Unloading 14 unused Assets to reduce memory usage. Loaded Objects now: 1935.
Total: 6.746472 ms (FindLiveObjects: 0.277590 ms CreateObjectMapping: 0.144450 ms MarkObjects: 6.278681 ms  DeleteObjects: 0.042667 ms)

AssetImportParameters requested are different than current active one (requested -> active):
  custom:framework-win-MediaFoundation: 216162199b28c13a410421893ffa2e32 -> 
  custom:video-decoder-ogg-theora: a1e56fd34408186e4bbccfd4996cb3dc -> 
  custom:container-muxer-webm: aa71ff27fc2769a1b78a27578f13a17b -> 
  custom:container-demuxer-webm: 4f35f7cbe854078d1ac9338744f61a02 -> 
  custom:container-demuxer-ogg: 62fdf1f143b41e24485cea50d1cbac27 -> 
  custom:video-encoder-webm-vp8: eb34c28f22e8b96e1ab97ce403110664 -> 
  custom:video-codec-MediaFoundation-h265: 746d11721c4dcdbdad8f713fa42b33f4 -> 
  custom:video-decoder-webm-vp8: 9c59270c3fd7afecdb556c50c9e8de78 -> 
  custom:audio-decoder-ogg-vorbis: bf7c407c2cedff20999df2af8eb42d56 -> 
  custom:audio-encoder-webm-vorbis: bf7c407c2cedff20999df2af8eb42d56 -> 
========================================================================
Received Prepare
Registering precompiled user dll's ...
Registered in 0.023465 seconds.
Begin MonoManager ReloadAssembly
Native extension for WindowsStandalone target not found
Refreshing native plugins compatible for Editor in 0.50 ms, found 2 plugins.
Preloading 0 native plugins for Editor in 0.00 ms.
Mono: successfully reloaded assembly
- Completed reload, in  2.206 seconds
Domain Reload Profiling:
	ReloadAssembly (2207ms)
		BeginReloadAssembly (235ms)
			ExecutionOrderSort (0ms)
			DisableScriptedObjects (8ms)
			BackupInstance (0ms)
			ReleaseScriptingObjects (0ms)
			CreateAndSetChildDomain (58ms)
		EndReloadAssembly (1792ms)
			LoadAssemblies (222ms)
			RebuildTransferFunctionScriptingTraits (0ms)
			SetupTypeCache (757ms)
			ReleaseScriptCaches (2ms)
			RebuildScriptCaches (108ms)
			SetupLoadedEditorAssemblies (496ms)
				LogAssemblyErrors (0ms)
				InitializePlatformSupportModulesInManaged (11ms)
				SetLoadedEditorAssemblies (1ms)
				RefreshPlugins (1ms)
				BeforeProcessingInitializeOnLoad (101ms)
				ProcessInitializeOnLoadAttributes (348ms)
				ProcessInitializeOnLoadMethodAttributes (16ms)
				AfterProcessingInitializeOnLoad (18ms)
				EditorAssembliesLoaded (0ms)
			ExecutionOrderSort2 (0ms)
			AwakeInstancesAfterBackupRestoration (11ms)
Platform modules already initialized, skipping
Refreshing native plugins compatible for Editor in 0.80 ms, found 2 plugins.
Preloading 0 native plugins for Editor in 0.00 ms.
Unloading 1495 Unused Serialized files (Serialized files now loaded: 0)
System memory in use before: 67.3 MB.
System memory in use after: 67.5 MB.

Unloading 14 unused Assets to reduce memory usage. Loaded Objects now: 1937.
Total: 6.343966 ms (FindLiveObjects: 0.256000 ms CreateObjectMapping: 0.119775 ms MarkObjects: 5.936320 ms  DeleteObjects: 0.030329 ms)

AssetImportParameters requested are different than current active one (requested -> active):
  custom:framework-win-MediaFoundation: 216162199b28c13a410421893ffa2e32 -> 
  custom:video-decoder-ogg-theora: a1e56fd34408186e4bbccfd4996cb3dc -> 
  custom:container-muxer-webm: aa71ff27fc2769a1b78a27578f13a17b -> 
  custom:container-demuxer-webm: 4f35f7cbe854078d1ac9338744f61a02 -> 
  custom:container-demuxer-ogg: 62fdf1f143b41e24485cea50d1cbac27 -> 
  custom:video-encoder-webm-vp8: eb34c28f22e8b96e1ab97ce403110664 -> 
  custom:video-codec-MediaFoundation-h265: 746d11721c4dcdbdad8f713fa42b33f4 -> 
  custom:video-decoder-webm-vp8: 9c59270c3fd7afecdb556c50c9e8de78 -> 
  custom:audio-decoder-ogg-vorbis: bf7c407c2cedff20999df2af8eb42d56 -> 
  custom:audio-encoder-webm-vorbis: bf7c407c2cedff20999df2af8eb42d56 -> 
========================================================================
Received Import Request.
  Time since last request: 55.124593 seconds.
  path: Assets/Scripts/Main.cs
  artifactKey: Guid(ff695335cd3569445939b2d4327bdcc0) Importer(815301076,1909f56bfc062723c751e8b465ee728b)
Start importing Assets/Scripts/Main.cs using Guid(ff695335cd3569445939b2d4327bdcc0) Importer(815301076,1909f56bfc062723c751e8b465ee728b)  -> (artifact id: '9f37f6f20dfbe4fb7847112e4bf152e8') in 0.012656 seconds 
  Import took 0.032127 seconds .

========================================================================
Received Import Request.
  Time since last request: 76.301175 seconds.
  path: Assets/Prefabs/Jugador.prefab
  artifactKey: Guid(4733fb595ffd9734c871ccbb8af2d48e) Importer(815301076,1909f56bfc062723c751e8b465ee728b)
Start importing Assets/Prefabs/Jugador.prefab using Guid(4733fb595ffd9734c871ccbb8af2d48e) Importer(815301076,1909f56bfc062723c751e8b465ee728b)  -> (artifact id: 'cf375d79db373e1c7a3368c4e20d00d4') in 1.179986 seconds 
  Import took 1.186676 seconds .

========================================================================
Received Prepare
Registering precompiled user dll's ...
Registered in 0.012735 seconds.
Begin MonoManager ReloadAssembly
Native extension for WindowsStandalone target not found
Refreshing native plugins compatible for Editor in 1.11 ms, found 2 plugins.
Preloading 0 native plugins for Editor in 0.00 ms.
Mono: successfully reloaded assembly
- Completed reload, in  2.208 seconds
Domain Reload Profiling:
	ReloadAssembly (2209ms)
		BeginReloadAssembly (293ms)
			ExecutionOrderSort (0ms)
			DisableScriptedObjects (60ms)
			BackupInstance (0ms)
			ReleaseScriptingObjects (0ms)
			CreateAndSetChildDomain (99ms)
		EndReloadAssembly (1787ms)
			LoadAssemblies (183ms)
			RebuildTransferFunctionScriptingTraits (0ms)
			SetupTypeCache (602ms)
			ReleaseScriptCaches (1ms)
			RebuildScriptCaches (77ms)
			SetupLoadedEditorAssemblies (734ms)
				LogAssemblyErrors (0ms)
				InitializePlatformSupportModulesInManaged (10ms)
				SetLoadedEditorAssemblies (2ms)
				RefreshPlugins (1ms)
				BeforeProcessingInitializeOnLoad (127ms)
				ProcessInitializeOnLoadAttributes (558ms)
				ProcessInitializeOnLoadMethodAttributes (17ms)
				AfterProcessingInitializeOnLoad (19ms)
				EditorAssembliesLoaded (0ms)
			ExecutionOrderSort2 (0ms)
			AwakeInstancesAfterBackupRestoration (13ms)
Platform modules already initialized, skipping
Refreshing native plugins compatible for Editor in 0.49 ms, found 2 plugins.
Preloading 0 native plugins for Editor in 0.00 ms.
Unloading 1495 Unused Serialized files (Serialized files now loaded: 0)
System memory in use before: 70.5 MB.
System memory in use after: 70.6 MB.

Unloading 15 unused Assets to reduce memory usage. Loaded Objects now: 1947.
Total: 5.713219 ms (FindLiveObjects: 0.250345 ms CreateObjectMapping: 0.132112 ms MarkObjects: 5.293236 ms  DeleteObjects: 0.035470 ms)

AssetImportParameters requested are different than current active one (requested -> active):
  custom:framework-win-MediaFoundation: 216162199b28c13a410421893ffa2e32 -> 
  custom:video-decoder-ogg-theora: a1e56fd34408186e4bbccfd4996cb3dc -> 
  custom:container-muxer-webm: aa71ff27fc2769a1b78a27578f13a17b -> 
  custom:container-demuxer-webm: 4f35f7cbe854078d1ac9338744f61a02 -> 
  custom:container-demuxer-ogg: 62fdf1f143b41e24485cea50d1cbac27 -> 
  custom:video-encoder-webm-vp8: eb34c28f22e8b96e1ab97ce403110664 -> 
  custom:video-codec-MediaFoundation-h265: 746d11721c4dcdbdad8f713fa42b33f4 -> 
  custom:video-decoder-webm-vp8: 9c59270c3fd7afecdb556c50c9e8de78 -> 
  custom:audio-decoder-ogg-vorbis: bf7c407c2cedff20999df2af8eb42d56 -> 
  custom:audio-encoder-webm-vorbis: bf7c407c2cedff20999df2af8eb42d56 -> 
========================================================================
Received Import Request.
  Time since last request: 94.427844 seconds.
  path: Assets/Material/Azul.mat
  artifactKey: Guid(7538d82cf6133e641b927c71c0a449b1) Importer(815301076,1909f56bfc062723c751e8b465ee728b)
Start importing Assets/Material/Azul.mat using Guid(7538d82cf6133e641b927c71c0a449b1) Importer(815301076,1909f56bfc062723c751e8b465ee728b)  -> (artifact id: '732d04fa94925b8f3ff64e208dd931ce') in 0.436444 seconds 
  Import took 0.456813 seconds .

========================================================================
Received Import Request.
  Time since last request: 12.568070 seconds.
  path: Assets/Material/Rojo.mat
  artifactKey: Guid(387825e21658d2a478026fd03f38c143) Importer(815301076,1909f56bfc062723c751e8b465ee728b)
Start importing Assets/Material/Rojo.mat using Guid(387825e21658d2a478026fd03f38c143) Importer(815301076,1909f56bfc062723c751e8b465ee728b)  -> (artifact id: '569272bfda916f6d3b8f029101939ba2') in 0.080173 seconds 
  Import took 0.103567 seconds .

========================================================================
Received Import Request.
  Time since last request: 15.112075 seconds.
  path: Assets/Material/Amarillo.mat
  artifactKey: Guid(b9a5b239c0334144db7aec79e2283c8d) Importer(815301076,1909f56bfc062723c751e8b465ee728b)
Start importing Assets/Material/Amarillo.mat using Guid(b9a5b239c0334144db7aec79e2283c8d) Importer(815301076,1909f56bfc062723c751e8b465ee728b)  -> (artifact id: '166c741d008fbede2214e3157513c12c') in 0.055587 seconds 
  Import took 0.077491 seconds .

========================================================================
Received Import Request.
  Time since last request: 17.473823 seconds.
  path: Assets/Material/New Material.mat
  artifactKey: Guid(bf862fca76ed91b488fe2f6f13ad8f33) Importer(815301076,1909f56bfc062723c751e8b465ee728b)
Start importing Assets/Material/New Material.mat using Guid(bf862fca76ed91b488fe2f6f13ad8f33) Importer(815301076,1909f56bfc062723c751e8b465ee728b)  -> (artifact id: '66c39adecec7915f77fb123a904b67a0') in 0.075972 seconds 
  Import took 0.102728 seconds .

========================================================================
Received Import Request.
  Time since last request: 33.087478 seconds.
  path: Assets/Material/Negro.mat
  artifactKey: Guid(bf862fca76ed91b488fe2f6f13ad8f33) Importer(815301076,1909f56bfc062723c751e8b465ee728b)
Start importing Assets/Material/Negro.mat using Guid(bf862fca76ed91b488fe2f6f13ad8f33) Importer(815301076,1909f56bfc062723c751e8b465ee728b)  -> (artifact id: '6c3de5ec7707da1d2e32d09b6d29687a') in 0.054344 seconds 
  Import took 0.060876 seconds .

========================================================================
Received Import Request.
  Time since last request: 12.948837 seconds.
  path: Assets/Material/Blanco.mat
  artifactKey: Guid(ec23d20de7806f94c86d58fb2520d4af) Importer(815301076,1909f56bfc062723c751e8b465ee728b)
Start importing Assets/Material/Blanco.mat using Guid(ec23d20de7806f94c86d58fb2520d4af) Importer(815301076,1909f56bfc062723c751e8b465ee728b)  -> (artifact id: '46aeab901a10fffb6020ef9ac1e2bb69') in 0.052292 seconds 
  Import took 0.060233 seconds .

========================================================================
Received Import Request.
  Time since last request: 19.135349 seconds.
  path: Assets/Material/New Material.mat
  artifactKey: Guid(67ef3d8457d80af4fb816a56bd59ec05) Importer(815301076,1909f56bfc062723c751e8b465ee728b)
Start importing Assets/Material/New Material.mat using Guid(67ef3d8457d80af4fb816a56bd59ec05) Importer(815301076,1909f56bfc062723c751e8b465ee728b)  -> (artifact id: '85dd6f8426f6431bc1212d99ced264c0') in 0.059724 seconds 
  Import took 0.065387 seconds .

========================================================================
Received Import Request.
  Time since last request: 27.289879 seconds.
  path: Assets/Material/Verde.mat
  artifactKey: Guid(67ef3d8457d80af4fb816a56bd59ec05) Importer(815301076,1909f56bfc062723c751e8b465ee728b)
Start importing Assets/Material/Verde.mat using Guid(67ef3d8457d80af4fb816a56bd59ec05) Importer(815301076,1909f56bfc062723c751e8b465ee728b)  -> (artifact id: 'f4e11405a040429b5d4a076520c8d3b7') in 0.082984 seconds 
  Import took 0.087976 seconds .

========================================================================
Received Import Request.
  Time since last request: 5.294541 seconds.
  path: Assets/Material/Amarillo.mat
  artifactKey: Guid(b9a5b239c0334144db7aec79e2283c8d) Importer(815301076,1909f56bfc062723c751e8b465ee728b)
Start importing Assets/Material/Amarillo.mat using Guid(b9a5b239c0334144db7aec79e2283c8d) Importer(815301076,1909f56bfc062723c751e8b465ee728b)  -> (artifact id: '6b797658953acdee5e9c3913b6684333') in 0.056802 seconds 
  Import took 0.063339 seconds .

========================================================================
Received Import Request.
  Time since last request: 0.000508 seconds.
  path: Assets/Material/Blanco.mat
  artifactKey: Guid(ec23d20de7806f94c86d58fb2520d4af) Importer(815301076,1909f56bfc062723c751e8b465ee728b)
Start importing Assets/Material/Blanco.mat using Guid(ec23d20de7806f94c86d58fb2520d4af) Importer(815301076,1909f56bfc062723c751e8b465ee728b)  -> (artifact id: '5af11fdbdb6160a0ff293983d809fe8c') in 0.055705 seconds 
  Import took 0.062802 seconds .

========================================================================
Received Import Request.
  Time since last request: 0.000320 seconds.
  path: Assets/Material/Azul.mat
  artifactKey: Guid(7538d82cf6133e641b927c71c0a449b1) Importer(815301076,1909f56bfc062723c751e8b465ee728b)
Start importing Assets/Material/Azul.mat using Guid(7538d82cf6133e641b927c71c0a449b1) Importer(815301076,1909f56bfc062723c751e8b465ee728b)  -> (artifact id: '1aeeff3c290fd374616233d36ddb73a3') in 0.053381 seconds 
  Import took 0.059193 seconds .

========================================================================
Received Import Request.
  Time since last request: 0.000320 seconds.
  path: Assets/Material/Rojo.mat
  artifactKey: Guid(387825e21658d2a478026fd03f38c143) Importer(815301076,1909f56bfc062723c751e8b465ee728b)
Start importing Assets/Material/Rojo.mat using Guid(387825e21658d2a478026fd03f38c143) Importer(815301076,1909f56bfc062723c751e8b465ee728b)  -> (artifact id: 'f8457bceb2ac845a79473d090d6fc4c1') in 0.041756 seconds 
  Import took 0.048859 seconds .

========================================================================
Received Prepare
Registering precompiled user dll's ...
Registered in 0.017801 seconds.
Begin MonoManager ReloadAssembly
Native extension for WindowsStandalone target not found
Refreshing native plugins compatible for Editor in 2.54 ms, found 2 plugins.
Preloading 0 native plugins for Editor in 0.00 ms.
Mono: successfully reloaded assembly
- Completed reload, in  5.793 seconds
Domain Reload Profiling:
	ReloadAssembly (5794ms)
		BeginReloadAssembly (252ms)
			ExecutionOrderSort (0ms)
			DisableScriptedObjects (9ms)
			BackupInstance (0ms)
			ReleaseScriptingObjects (0ms)
			CreateAndSetChildDomain (61ms)
		EndReloadAssembly (5355ms)
			LoadAssemblies (237ms)
			RebuildTransferFunctionScriptingTraits (0ms)
			SetupTypeCache (1966ms)
			ReleaseScriptCaches (3ms)
			RebuildScriptCaches (275ms)
			SetupLoadedEditorAssemblies (1955ms)
				LogAssemblyErrors (0ms)
				InitializePlatformSupportModulesInManaged (25ms)
				SetLoadedEditorAssemblies (3ms)
				RefreshPlugins (3ms)
				BeforeProcessingInitializeOnLoad (324ms)
				ProcessInitializeOnLoadAttributes (1413ms)
				ProcessInitializeOnLoadMethodAttributes (70ms)
				AfterProcessingInitializeOnLoad (116ms)
				EditorAssembliesLoaded (1ms)
			ExecutionOrderSort2 (0ms)
			AwakeInstancesAfterBackupRestoration (50ms)
Platform modules already initialized, skipping
Refreshing native plugins compatible for Editor in 0.88 ms, found 2 plugins.
Preloading 0 native plugins for Editor in 0.00 ms.
Unloading 1495 Unused Serialized files (Serialized files now loaded: 0)
System memory in use before: 70.8 MB.
System memory in use after: 70.9 MB.

Unloading 14 unused Assets to reduce memory usage. Loaded Objects now: 1983.
Total: 12.024286 ms (FindLiveObjects: 0.857446 ms CreateObjectMapping: 0.521253 ms MarkObjects: 10.598294 ms  DeleteObjects: 0.043181 ms)

AssetImportParameters requested are different than current active one (requested -> active):
  custom:framework-win-MediaFoundation: 216162199b28c13a410421893ffa2e32 -> 
  custom:video-decoder-ogg-theora: a1e56fd34408186e4bbccfd4996cb3dc -> 
  custom:container-muxer-webm: aa71ff27fc2769a1b78a27578f13a17b -> 
  custom:container-demuxer-webm: 4f35f7cbe854078d1ac9338744f61a02 -> 
  custom:container-demuxer-ogg: 62fdf1f143b41e24485cea50d1cbac27 -> 
  custom:video-encoder-webm-vp8: eb34c28f22e8b96e1ab97ce403110664 -> 
  custom:video-codec-MediaFoundation-h265: 746d11721c4dcdbdad8f713fa42b33f4 -> 
  custom:video-decoder-webm-vp8: 9c59270c3fd7afecdb556c50c9e8de78 -> 
  custom:audio-decoder-ogg-vorbis: bf7c407c2cedff20999df2af8eb42d56 -> 
  custom:audio-encoder-webm-vorbis: bf7c407c2cedff20999df2af8eb42d56 -> 
========================================================================
Received Prepare
Registering precompiled user dll's ...
Registered in 0.018989 seconds.
Begin MonoManager ReloadAssembly
Native extension for WindowsStandalone target not found
Refreshing native plugins compatible for Editor in 0.52 ms, found 2 plugins.
Preloading 0 native plugins for Editor in 0.00 ms.
Mono: successfully reloaded assembly
- Completed reload, in  2.261 seconds
Domain Reload Profiling:
	ReloadAssembly (2262ms)
		BeginReloadAssembly (249ms)
			ExecutionOrderSort (0ms)
			DisableScriptedObjects (20ms)
			BackupInstance (0ms)
			ReleaseScriptingObjects (0ms)
			CreateAndSetChildDomain (72ms)
		EndReloadAssembly (1807ms)
			LoadAssemblies (310ms)
			RebuildTransferFunctionScriptingTraits (0ms)
			SetupTypeCache (598ms)
			ReleaseScriptCaches (1ms)
			RebuildScriptCaches (79ms)
			SetupLoadedEditorAssemblies (614ms)
				LogAssemblyErrors (0ms)
				InitializePlatformSupportModulesInManaged (10ms)
				SetLoadedEditorAssemblies (1ms)
				RefreshPlugins (1ms)
				BeforeProcessingInitializeOnLoad (113ms)
				ProcessInitializeOnLoadAttributes (453ms)
				ProcessInitializeOnLoadMethodAttributes (18ms)
				AfterProcessingInitializeOnLoad (18ms)
				EditorAssembliesLoaded (0ms)
			ExecutionOrderSort2 (0ms)
			AwakeInstancesAfterBackupRestoration (13ms)
Platform modules already initialized, skipping
Refreshing native plugins compatible for Editor in 2.17 ms, found 2 plugins.
Preloading 0 native plugins for Editor in 0.00 ms.
Unloading 1495 Unused Serialized files (Serialized files now loaded: 0)
System memory in use before: 70.8 MB.
System memory in use after: 70.9 MB.

Unloading 14 unused Assets to reduce memory usage. Loaded Objects now: 1985.
Total: 6.328545 ms (FindLiveObjects: 0.278104 ms CreateObjectMapping: 0.140337 ms MarkObjects: 5.872577 ms  DeleteObjects: 0.035984 ms)

AssetImportParameters requested are different than current active one (requested -> active):
  custom:framework-win-MediaFoundation: 216162199b28c13a410421893ffa2e32 -> 
  custom:video-decoder-ogg-theora: a1e56fd34408186e4bbccfd4996cb3dc -> 
  custom:container-muxer-webm: aa71ff27fc2769a1b78a27578f13a17b -> 
  custom:container-demuxer-webm: 4f35f7cbe854078d1ac9338744f61a02 -> 
  custom:container-demuxer-ogg: 62fdf1f143b41e24485cea50d1cbac27 -> 
  custom:video-encoder-webm-vp8: eb34c28f22e8b96e1ab97ce403110664 -> 
  custom:video-codec-MediaFoundation-h265: 746d11721c4dcdbdad8f713fa42b33f4 -> 
  custom:video-decoder-webm-vp8: 9c59270c3fd7afecdb556c50c9e8de78 -> 
  custom:audio-decoder-ogg-vorbis: bf7c407c2cedff20999df2af8eb42d56 -> 
  custom:audio-encoder-webm-vorbis: bf7c407c2cedff20999df2af8eb42d56 -> 
========================================================================
Received Import Request.
  Time since last request: 236.904945 seconds.
  path: Assets/Material/Blanco.mat
  artifactKey: Guid(ec23d20de7806f94c86d58fb2520d4af) Importer(815301076,1909f56bfc062723c751e8b465ee728b)
Start importing Assets/Material/Blanco.mat using Guid(ec23d20de7806f94c86d58fb2520d4af) Importer(815301076,1909f56bfc062723c751e8b465ee728b)  -> (artifact id: '05e0ce8623405e93fc464aec71c1718b') in 0.198698 seconds 
  Import took 0.206309 seconds .

========================================================================
Received Prepare
Registering precompiled user dll's ...
Registered in 0.060191 seconds.
Begin MonoManager ReloadAssembly
Native extension for WindowsStandalone target not found
Refreshing native plugins compatible for Editor in 1.44 ms, found 2 plugins.
Preloading 0 native plugins for Editor in 0.00 ms.
Mono: successfully reloaded assembly
- Completed reload, in 11.199 seconds
Domain Reload Profiling:
	ReloadAssembly (11207ms)
		BeginReloadAssembly (1188ms)
			ExecutionOrderSort (0ms)
			DisableScriptedObjects (40ms)
			BackupInstance (0ms)
			ReleaseScriptingObjects (0ms)
			CreateAndSetChildDomain (560ms)
		EndReloadAssembly (9517ms)
			LoadAssemblies (2236ms)
			RebuildTransferFunctionScriptingTraits (0ms)
			SetupTypeCache (2419ms)
			ReleaseScriptCaches (6ms)
			RebuildScriptCaches (856ms)
			SetupLoadedEditorAssemblies (2793ms)
				LogAssemblyErrors (0ms)
				InitializePlatformSupportModulesInManaged (33ms)
				SetLoadedEditorAssemblies (3ms)
				RefreshPlugins (2ms)
				BeforeProcessingInitializeOnLoad (404ms)
				ProcessInitializeOnLoadAttributes (1735ms)
				ProcessInitializeOnLoadMethodAttributes (556ms)
				AfterProcessingInitializeOnLoad (59ms)
				EditorAssembliesLoaded (1ms)
			ExecutionOrderSort2 (0ms)
			AwakeInstancesAfterBackupRestoration (48ms)
Platform modules already initialized, skipping
Refreshing native plugins compatible for Editor in 1.68 ms, found 2 plugins.
Preloading 0 native plugins for Editor in 0.00 ms.
Unloading 1495 Unused Serialized files (Serialized files now loaded: 0)
System memory in use before: 70.8 MB.
System memory in use after: 70.9 MB.

Unloading 14 unused Assets to reduce memory usage. Loaded Objects now: 1988.
Total: 23.429649 ms (FindLiveObjects: 0.673928 ms CreateObjectMapping: 0.414329 ms MarkObjects: 22.273022 ms  DeleteObjects: 0.064257 ms)

AssetImportParameters requested are different than current active one (requested -> active):
  custom:framework-win-MediaFoundation: 216162199b28c13a410421893ffa2e32 -> 
  custom:video-decoder-ogg-theora: a1e56fd34408186e4bbccfd4996cb3dc -> 
  custom:container-muxer-webm: aa71ff27fc2769a1b78a27578f13a17b -> 
  custom:container-demuxer-webm: 4f35f7cbe854078d1ac9338744f61a02 -> 
  custom:container-demuxer-ogg: 62fdf1f143b41e24485cea50d1cbac27 -> 
  custom:video-encoder-webm-vp8: eb34c28f22e8b96e1ab97ce403110664 -> 
  custom:video-codec-MediaFoundation-h265: 746d11721c4dcdbdad8f713fa42b33f4 -> 
  custom:video-decoder-webm-vp8: 9c59270c3fd7afecdb556c50c9e8de78 -> 
  custom:audio-decoder-ogg-vorbis: bf7c407c2cedff20999df2af8eb42d56 -> 
  custom:audio-encoder-webm-vorbis: bf7c407c2cedff20999df2af8eb42d56 -> 
========================================================================
Received Import Request.
  Time since last request: 1103.407206 seconds.
  path: Assets/Scripts/Main.cs
  artifactKey: Guid(ff695335cd3569445939b2d4327bdcc0) Importer(815301076,1909f56bfc062723c751e8b465ee728b)
Start importing Assets/Scripts/Main.cs using Guid(ff695335cd3569445939b2d4327bdcc0) Importer(815301076,1909f56bfc062723c751e8b465ee728b)  -> (artifact id: '31aa91b5d37d50d5ed41e037f9bc5c85') in 0.103410 seconds 
  Import took 0.212798 seconds .

AssetImportWorkerClient::OnTransportError - code=2 error=End of file
